<?xml version="1.0" encoding="UTF-8"?>
<testng-results skipped="0" failed="0" total="1" passed="1">
  <reporter-output>
  </reporter-output>
  <suite name="Default suite" duration-ms="34117" started-at="2015-10-27T15:23:31Z" finished-at="2015-10-27T15:24:05Z">
    <groups>
    </groups>
    <test name="Default test" duration-ms="34117" started-at="2015-10-27T15:23:31Z" finished-at="2015-10-27T15:24:05Z">
      <class name="defaultpackage.NewTest">
        <test-method status="PASS" signature="beforeTest()[pri:0, instance:defaultpackage.NewTest@29f10c35]" name="beforeTest" is-config="true" duration-ms="34055" started-at="2015-10-27T20:23:31Z" finished-at="2015-10-27T20:24:05Z">
          <reporter-output>
          </reporter-output>
        </test-method> <!-- beforeTest -->
        <test-method status="PASS" signature="f()[pri:0, instance:defaultpackage.NewTest@29f10c35]" name="f" duration-ms="47" started-at="2015-10-27T20:24:05Z" finished-at="2015-10-27T20:24:05Z">
          <reporter-output>
          </reporter-output>
        </test-method> <!-- f -->
        <test-method status="PASS" signature="afterTest()[pri:0, instance:defaultpackage.NewTest@29f10c35]" name="afterTest" is-config="true" duration-ms="0" started-at="2015-10-27T20:24:05Z" finished-at="2015-10-27T20:24:05Z">
          <reporter-output>
          </reporter-output>
        </test-method> <!-- afterTest -->
      </class> <!-- defaultpackage.NewTest -->
    </test> <!-- Default test -->
  </suite> <!-- Default suite -->
</testng-results>
